<?xml version="1.0" encoding="UTF-8"?>
<!-- Generated by org.testng.reporters.JUnitXMLReporter -->
<testsuite ignored="0" hostname="DESKTOP-V6496N2" failures="0" tests="3" name="Testlogin" time="50.619" errors="0" timestamp="2022-05-12T21:00:23 IST">
  <testcase classname="com.HrmProject.test.LoginTest" name="verifyLogin01" time="7.917"/>
  <testcase classname="com.HrmProject.test.LoginTest" name="verifyLogin02" time="4.647"/>
  <testcase classname="com.HrmProject.test.LoginTest" name="verifyLogin03" time="2.804"/>
</testsuite> <!-- Testlogin -->
