<?xml version="1.0" encoding="UTF-8"?>
<testng-results ignored="0" total="3" passed="3" failed="0" skipped="0">
  <reporter-output>
  </reporter-output>
  <suite started-at="2022-05-12T20:59:32 IST" name="Suite" finished-at="2022-05-12T21:00:23 IST" duration-ms="50619">
    <groups>
    </groups>
    <test started-at="2022-05-12T20:59:32 IST" name="Testlogin" finished-at="2022-05-12T21:00:23 IST" duration-ms="50619">
      <class name="com.HrmProject.test.LoginTest">
        <test-method is-config="true" signature="setup(java.lang.String)[pri:0, instance:com.HrmProject.test.LoginTest@a530d0a]" started-at="2022-05-12T20:59:32 IST" name="setup" finished-at="2022-05-12T20:59:49 IST" duration-ms="16662" status="PASS">
          <params>
            <param index="0">
              <value>
                <![CDATA[Chrome]]>
              </value>
            </param>
          </params>
          <reporter-output>
          </reporter-output>
        </test-method> <!-- setup -->
        <test-method signature="verifyLogin01()[pri:0, instance:com.HrmProject.test.LoginTest@a530d0a]" started-at="2022-05-12T20:59:49 IST" name="verifyLogin01" finished-at="2022-05-12T20:59:57 IST" duration-ms="7917" status="PASS">
          <reporter-output>
          </reporter-output>
        </test-method> <!-- verifyLogin01 -->
        <test-method is-config="true" signature="tearDown()[pri:0, instance:com.HrmProject.test.LoginTest@a530d0a]" started-at="2022-05-12T20:59:57 IST" name="tearDown" finished-at="2022-05-12T20:59:57 IST" duration-ms="380" status="PASS">
          <reporter-output>
          </reporter-output>
        </test-method> <!-- tearDown -->
        <test-method is-config="true" signature="setup(java.lang.String)[pri:0, instance:com.HrmProject.test.LoginTest@a530d0a]" started-at="2022-05-12T20:59:57 IST" name="setup" finished-at="2022-05-12T21:00:06 IST" duration-ms="9177" status="PASS">
          <params>
            <param index="0">
              <value>
                <![CDATA[Chrome]]>
              </value>
            </param>
          </params>
          <reporter-output>
          </reporter-output>
        </test-method> <!-- setup -->
        <test-method signature="verifyLogin02()[pri:0, instance:com.HrmProject.test.LoginTest@a530d0a]" started-at="2022-05-12T21:00:06 IST" name="verifyLogin02" finished-at="2022-05-12T21:00:11 IST" duration-ms="4647" status="PASS">
          <reporter-output>
          </reporter-output>
        </test-method> <!-- verifyLogin02 -->
        <test-method is-config="true" signature="tearDown()[pri:0, instance:com.HrmProject.test.LoginTest@a530d0a]" started-at="2022-05-12T21:00:11 IST" name="tearDown" finished-at="2022-05-12T21:00:12 IST" duration-ms="1297" status="PASS">
          <reporter-output>
          </reporter-output>
        </test-method> <!-- tearDown -->
        <test-method is-config="true" signature="setup(java.lang.String)[pri:0, instance:com.HrmProject.test.LoginTest@a530d0a]" started-at="2022-05-12T21:00:12 IST" name="setup" finished-at="2022-05-12T21:00:20 IST" duration-ms="7390" status="PASS">
          <params>
            <param index="0">
              <value>
                <![CDATA[Chrome]]>
              </value>
            </param>
          </params>
          <reporter-output>
          </reporter-output>
        </test-method> <!-- setup -->
        <test-method signature="verifyLogin03()[pri:0, instance:com.HrmProject.test.LoginTest@a530d0a]" started-at="2022-05-12T21:00:20 IST" name="verifyLogin03" finished-at="2022-05-12T21:00:23 IST" duration-ms="2804" status="PASS">
          <reporter-output>
          </reporter-output>
        </test-method> <!-- verifyLogin03 -->
        <test-method is-config="true" signature="tearDown()[pri:0, instance:com.HrmProject.test.LoginTest@a530d0a]" started-at="2022-05-12T21:00:23 IST" name="tearDown" finished-at="2022-05-12T21:00:23 IST" duration-ms="230" status="PASS">
          <reporter-output>
          </reporter-output>
        </test-method> <!-- tearDown -->
      </class> <!-- com.HrmProject.test.LoginTest -->
    </test> <!-- Testlogin -->
  </suite> <!-- Suite -->
</testng-results>
